Content-Type: text/plain; charset="utf-8"
MIME-Version: 1.0
Content-Transfer-Encoding: 8bit
Subject: =?utf-8?q?Contrase=C3=B1a_restablecida_en_127=2E0=2E0=2E1=3A8000?=
From: webmaster@localhost
To: normis@mail.com
Date: Fri, 26 Jan 2024 01:46:09 -0000
Message-ID: <170623356973.23836.4364903859606797053@carloscdev>


Ha recibido este correo electrónico porque ha solicitado restablecer la contraseña para su cuenta en 127.0.0.1:8000.

Por favor, vaya a la página siguiente y escoja una nueva contraseña.

http://127.0.0.1:8000/accounts/reset/NQ/c1dlox-a2d0a8213c26e12bdb452dc00988fcc0/

Su nombre de usuario, en caso de que lo haya olvidado: CarlosXD

¡Gracias por usar nuestro sitio!

El equipo de 127.0.0.1:8000



-------------------------------------------------------------------------------
Content-Type: text/plain; charset="utf-8"
MIME-Version: 1.0
Content-Transfer-Encoding: 8bit
Subject: =?utf-8?q?Contrase=C3=B1a_restablecida_en_127=2E0=2E0=2E1=3A8000?=
From: webmaster@localhost
To: normis@mail.com
Date: Fri, 26 Jan 2024 01:46:09 -0000
Message-ID: <170623356973.23836.486878054419042781@carloscdev>


Ha recibido este correo electrónico porque ha solicitado restablecer la contraseña para su cuenta en 127.0.0.1:8000.

Por favor, vaya a la página siguiente y escoja una nueva contraseña.

http://127.0.0.1:8000/accounts/reset/Ng/c1dlox-aa1877337ca0951eb120295e16ff443a/

Su nombre de usuario, en caso de que lo haya olvidado: asdasdasdad

¡Gracias por usar nuestro sitio!

El equipo de 127.0.0.1:8000



-------------------------------------------------------------------------------
